<?xml version="1.0" encoding="UTF-8"?>
<testsuite xmlns:xsi="http://www.w3.org/2001/XMLSchema-instance" xsi:noNamespaceSchemaLocation="https://maven.apache.org/surefire/maven-surefire-plugin/xsd/surefire-test-report-3.0.xsd" version="3.0" name="org.acme.GreetingResourceTest" time="14.037" tests="1" errors="0" skipped="0" failures="0">
  <properties>
[...]
</properties>
  <testcase name="testHelloEndpoint" classname="org.acme.GreetingResourceTest" time="3.344">
    <system-out><![CDATA[2023-01-20 18:19:50,208 INFO  [io.sma.rea.mes.rabbitmq] (main) SRMSG17036: RabbitMQ broker configured to localhost:5672 for channel mail_queue
2023-01-20 18:19:50,229 INFO  [io.sma.rea.mes.rabbitmq] (main) SRMSG17006: Establishing connection with RabbitMQ broker for channel `mail_queue`
2023-01-20 18:19:50,235 INFO  [io.sma.rea.mes.rabbitmq] (main) SRMSG17007: Connection with RabbitMQ broker established for channel `mail_queue`
2023-01-20 18:19:50,237 INFO  [io.ver.rab.imp.RabbitMQClientImpl] (main) Starting rabbitmq client
2023-01-20 18:19:50,339 ERROR [io.ver.rab.imp.RabbitMQClientImpl] (executor-thread-0) Could not connect to rabbitmq: java.net.ConnectException: Connexion refusée (Connection refused)
	at java.base/java.net.PlainSocketImpl.socketConnect(Native Method)
	at java.base/java.net.AbstractPlainSocketImpl.doConnect(AbstractPlainSocketImpl.java:412)
	at java.base/java.net.AbstractPlainSocketImpl.connectToAddress(AbstractPlainSocketImpl.java:255)
	at java.base/java.net.AbstractPlainSocketImpl.connect(AbstractPlainSocketImpl.java:237)
	at java.base/java.net.SocksSocketImpl.connect(SocksSocketImpl.java:392)
	at java.base/java.net.Socket.connect(Socket.java:609)
	at com.rabbitmq.client.impl.SocketFrameHandlerFactory.create(SocketFrameHandlerFactory.java:60)
	at com.rabbitmq.client.ConnectionFactory.newConnection(ConnectionFactory.java:1137)
	at com.rabbitmq.client.ConnectionFactory.newConnection(ConnectionFactory.java:1087)
	at com.rabbitmq.client.ConnectionFactory.newConnection(ConnectionFactory.java:985)
	at io.vertx.rabbitmq.impl.RabbitMQClientImpl.newConnection(RabbitMQClientImpl.java:152)
	at io.vertx.rabbitmq.impl.RabbitMQClientImpl.connect(RabbitMQClientImpl.java:830)
	at io.vertx.rabbitmq.impl.RabbitMQClientImpl.lambda$tryConnect$36(RabbitMQClientImpl.java:750)
	at io.vertx.core.impl.ContextBase.lambda$null$0(ContextBase.java:137)
	at io.vertx.core.impl.ContextInternal.dispatch(ContextInternal.java:264)
	at io.vertx.core.impl.ContextBase.lambda$executeBlocking$1(ContextBase.java:135)
	at io.vertx.core.impl.TaskQueue.run(TaskQueue.java:76)
	at io.quarkus.vertx.core.runtime.VertxCoreRecorder$14.runWith(VertxCoreRecorder.java:581)
	at org.jboss.threads.EnhancedQueueExecutor$Task.run(EnhancedQueueExecutor.java:2449)
	at org.jboss.threads.EnhancedQueueExecutor$ThreadBody.run(EnhancedQueueExecutor.java:1478)
	at org.jboss.threads.DelegatingRunnable.run(DelegatingRunnable.java:29)
	at org.jboss.threads.ThreadLocalResettingRunnable.run(ThreadLocalResettingRunnable.java:29)
	at io.netty.util.concurrent.FastThreadLocalRunnable.run(FastThreadLocalRunnable.java:30)
	at java.base/java.lang.Thread.run(Thread.java:829)

2023-01-20 18:19:50,449 INFO  [io.ver.rab.imp.RabbitMQClientImpl] (vert.x-eventloop-thread-2) Attempting to reconnect to rabbitmq...
2023-01-20 18:19:50,627 INFO  [io.quarkus] (main) code-with-quarkus 1.0.0-SNAPSHOT on JVM (powered by Quarkus 2.15.3.Final) started in 5.302s. Listening on: http://localhost:8081
2023-01-20 18:19:50,628 INFO  [io.quarkus] (main) Profile test activated. 
2023-01-20 18:19:50,628 INFO  [io.quarkus] (main) Installed features: [cdi, mailer, qute, resteasy-reactive, smallrye-context-propagation, smallrye-reactive-messaging, smallrye-reactive-messaging-rabbitmq, vertx]
]]></system-out>
  </testcase>
</testsuite>